This is XeTeX, Version 3.14159265-2.6-0.999991 (TeX Live 2019/W32TeX) (preloaded format=xelatex 2020.1.30)  26 AUG 2020 15:56
entering extended mode
 restricted \write18 enabled.
 %&-line parsing enabled.
**StatProofBook.tex
(./StatProofBook.tex
LaTeX2e <2019-10-01> patch level 3
(c:/texlive/2019/texmf-dist/tex/latex/base/book.cls
Document Class: book 2019/10/25 v1.4k Standard LaTeX document class
(c:/texlive/2019/texmf-dist/tex/latex/base/bk12.clo
File: bk12.clo 2019/10/25 v1.4k Standard LaTeX file (size option)
)
\c@part=\count80
\c@chapter=\count81
\c@section=\count82
\c@subsection=\count83
\c@subsubsection=\count84
\c@paragraph=\count85
\c@subparagraph=\count86
\c@figure=\count87
\c@table=\count88
\abovecaptionskip=\skip41
\belowcaptionskip=\skip42
\bibindent=\dimen102
)
(c:/texlive/2019/texmf-dist/tex/latex/preprint/fullpage.sty
Package: fullpage 1999/02/23 1.1 (PWD)
\FP@margin=\skip43
)
(c:/texlive/2019/texmf-dist/tex/latex/base/inputenc.sty
Package: inputenc 2018/08/11 v1.3c Input encoding file
\inpenc@prehook=\toks14
\inpenc@posthook=\toks15


Package inputenc Warning: inputenc package ignored with utf8 based engines.

) (c:/texlive/2019/texmf-dist/tex/latex/amsmath/amsmath.sty
Package: amsmath 2019/11/16 v2.17d AMS math features
\@mathmargin=\skip44

For additional information on amsmath, use the `?' option.
(c:/texlive/2019/texmf-dist/tex/latex/amsmath/amstext.sty
Package: amstext 2000/06/29 v2.01 AMS text

(c:/texlive/2019/texmf-dist/tex/latex/amsmath/amsgen.sty
File: amsgen.sty 1999/11/30 v2.0 generic functions
\@emptytoks=\toks16
\ex@=\dimen103
))
(c:/texlive/2019/texmf-dist/tex/latex/amsmath/amsbsy.sty
Package: amsbsy 1999/11/29 v1.2d Bold Symbols
\pmbraise@=\dimen104
)
(c:/texlive/2019/texmf-dist/tex/latex/amsmath/amsopn.sty
Package: amsopn 2016/03/08 v2.02 operator names
)
\inf@bad=\count89
LaTeX Info: Redefining \frac on input line 227.
\uproot@=\count90
\leftroot@=\count91
LaTeX Info: Redefining \overline on input line 389.
\classnum@=\count92
\DOTSCASE@=\count93
LaTeX Info: Redefining \ldots on input line 486.
LaTeX Info: Redefining \dots on input line 489.
LaTeX Info: Redefining \cdots on input line 610.
\Mathstrutbox@=\box27
\strutbox@=\box28
\big@size=\dimen105
LaTeX Font Info:    Redeclaring font encoding OML on input line 733.
LaTeX Font Info:    Redeclaring font encoding OMS on input line 734.
\macc@depth=\count94
\c@MaxMatrixCols=\count95
\dotsspace@=\muskip10
\c@parentequation=\count96
\dspbrk@lvl=\count97
\tag@help=\toks17
\row@=\count98
\column@=\count99
\maxfields@=\count100
\andhelp@=\toks18
\eqnshift@=\dimen106
\alignsep@=\dimen107
\tagshift@=\dimen108
\tagwidth@=\dimen109
\totwidth@=\dimen110
\lineht@=\dimen111
\@envbody=\toks19
\multlinegap=\skip45
\multlinetaggap=\skip46
\mathdisplay@stack=\toks20
LaTeX Info: Redefining \[ on input line 2858.
LaTeX Info: Redefining \] on input line 2859.
)
(c:/texlive/2019/texmf-dist/tex/latex/amsfonts/amssymb.sty
Package: amssymb 2013/01/14 v3.01 AMS font symbols

(c:/texlive/2019/texmf-dist/tex/latex/amsfonts/amsfonts.sty
Package: amsfonts 2013/01/14 v3.01 Basic AMSFonts support
\symAMSa=\mathgroup4
\symAMSb=\mathgroup5
LaTeX Font Info:    Redeclaring math symbol \hbar on input line 98.
LaTeX Font Info:    Overwriting math alphabet `\mathfrak' in version `bold'
(Font)                  U/euf/m/n --> U/euf/b/n on input line 106.
))
(c:/texlive/2019/texmf-dist/tex/latex/was/gensymb.sty
Package: gensymb 2003/07/02 v1.0 (WaS)
)
(c:/texlive/2019/texmf-dist/tex/latex/url/url.sty
\Urlmuskip=\muskip11
Package: url 2013/09/16  ver 3.4  Verb mode for urls, etc.
)
(c:/texlive/2019/texmf-dist/tex/latex/csquotes/csquotes.sty
Package: csquotes 2019-12-06 v5.2j context-sensitive quotations (JAW)

(c:/texlive/2019/texmf-dist/tex/latex/etoolbox/etoolbox.sty
Package: etoolbox 2019/09/21 v2.5h e-TeX tools for LaTeX (JAW)
\etb@tempcnta=\count101
)
(c:/texlive/2019/texmf-dist/tex/latex/graphics/keyval.sty
Package: keyval 2014/10/28 v1.15 key=value parser (DPC)
\KV@toks@=\toks21
)
\csq@reset=\count102
\csq@gtype=\count103
\csq@glevel=\count104
\csq@qlevel=\count105
\csq@maxlvl=\count106
\csq@tshold=\count107
\csq@ltx@everypar=\toks22

(c:/texlive/2019/texmf-dist/tex/latex/csquotes/csquotes.def
File: csquotes.def 2019-12-06 v5.2j csquotes generic definitions (JAW)
)
Package csquotes Info: Trying to load configuration file 'csquotes.cfg'...
Package csquotes Info: ... configuration file loaded successfully.

(c:/texlive/2019/texmf-dist/tex/latex/csquotes/csquotes.cfg
File: csquotes.cfg 
))
(c:/texlive/2019/texmf-dist/tex/latex/enumitem/enumitem.sty
Package: enumitem 2019/06/20 v3.9 Customized lists
\labelindent=\skip47
\enit@outerparindent=\dimen112
\enit@toks=\toks23
\enit@inbox=\box29
\enit@count@id=\count108
\enitdp@description=\count109
)
(c:/texlive/2019/texmf-dist/tex/latex/setspace/setspace.sty
Package: setspace 2011/12/19 v6.7a set line spacing
)
Package csquotes Info: Allocating character ".
Package csquotes Info: Checking for multilingual support...
Package csquotes Info: ... none found.

(./StatProofBook.aux

LaTeX Warning: Label `sec:mi' multiply defined.


LaTeX Warning: Label `eq:mi-mi-disc' multiply defined.


LaTeX Warning: Label `eq:mi-mi-cont' multiply defined.


LaTeX Warning: Label `sec:lf' multiply defined.


LaTeX Warning: Label `eq:lf-lf' multiply defined.


LaTeX Warning: Label `sec:cuni-med' multiply defined.


LaTeX Warning: Label `eq:cuni-med-cuni' multiply defined.

)
\openout1 = `StatProofBook.aux'.

LaTeX Font Info:    Checking defaults for OML/cmm/m/it on input line 41.
LaTeX Font Info:    ... okay on input line 41.
LaTeX Font Info:    Checking defaults for T1/cmr/m/n on input line 41.
LaTeX Font Info:    ... okay on input line 41.
LaTeX Font Info:    Checking defaults for OT1/cmr/m/n on input line 41.
LaTeX Font Info:    ... okay on input line 41.
LaTeX Font Info:    Checking defaults for OMS/cmsy/m/n on input line 41.
LaTeX Font Info:    ... okay on input line 41.
LaTeX Font Info:    Checking defaults for TU/lmr/m/n on input line 41.
LaTeX Font Info:    ... okay on input line 41.
LaTeX Font Info:    Checking defaults for OMX/cmex/m/n on input line 41.
LaTeX Font Info:    ... okay on input line 41.
LaTeX Font Info:    Checking defaults for U/cmr/m/n on input line 41.
LaTeX Font Info:    ... okay on input line 41.
LaTeX Info: Redefining \celsius on input line 41.
Package gensymb Info: Faking symbols for \degree and \celsius on input line 41.



Package gensymb Warning: Not defining \perthousand.

LaTeX Info: Redefining \ohm on input line 41.
Package gensymb Info: Using \Omega for \ohm on input line 41.

Package gensymb Warning: Not defining \micro.

Package csquotes Info: Making character " active on input line 41.
LaTeX Font Info:    Trying to load font information for U+msa on input line 45.

(c:/texlive/2019/texmf-dist/tex/latex/amsfonts/umsa.fd
File: umsa.fd 2013/01/14 v3.01 AMS symbols A
)
LaTeX Font Info:    Trying to load font information for U+msb on input line 45.


(c:/texlive/2019/texmf-dist/tex/latex/amsfonts/umsb.fd
File: umsb.fd 2013/01/14 v3.01 AMS symbols B
) [1


]
(./StatProofBook.toc [1

] [2] [3] [4] [5] [6] [7])
\tf@toc=\write3
\openout3 = `StatProofBook.toc'.

 [8]
Chapter I.
[1

] [2] [3]
Overfull \hbox (1.18088pt too wide) in paragraph at lines 242--243
[]\TU/lmr/m/n/12 1) A set of discrete random variables ($\OMS/cmsy/m/n/12 !$ \T
U/lmr/m/n/12 Definition I[]/1.1.1[]) $\OML/cmm/m/it/12 X[]; [] ; X[]$ \TU/lmr/m
/n/12 with possible values $\OMS/cmsy/m/n/12 X[]\OML/cmm/m/it/12 ; [] ; \OMS/cm
sy/m/n/12 X[]$
 []

[4] [5]
Overfull \hbox (2.93323pt too wide) in paragraph at lines 357--358
\TU/lmr/m/n/12 trieved on 2020-05-17; URL: $[][][][][] [] [] [] [][] [] [][][][
][][][][][] [] [][][] [] [][][][] [] [][][][][][][][][][][] [] [][][][][][][][]
[][][] [] [][][][][][][][][][][][]$. 
 []

[6] [7] [8] [9] [10] [11] [12] [13] [14] [15] [16]
Overfull \hbox (9.55324pt too wide) in paragraph at lines 1169--1170
\TU/lmr/m/n/12 on 2020-07-13; URL: $[][][][][] [] [] [] [][] [] [][][][][][][][
][] [] [][][] [] [][][][] [] [][][][][][][][][][][][] [] [][][][][][] [] [][][]
[][][][][] [] [][][][][][][][][][][] []
 []

[17]
Overfull \hbox (83.20924pt too wide) in paragraph at lines 1171--1172
\TU/lmr/m/n/12 trieved on 2020-07-13; URL: $[][][][][] [] [] [] [][][][][] [] [
][][][][][][][][][][][][] [] [][][] [] [][][][][][][][][] [] [][][][][] [] [][]
[][][][][][][][][][][][][][][][][][][][][][][][][][][][][][][][][][]$. 
 []

[18]
Overfull \hbox (15.00519pt too wide) in paragraph at lines 1277--1278
\TU/lmr/m/n/12 trieved on 2020-07-22; URL: $[][][][][] [] [] [] [][] [] [][][][
][][][][][] [] [][][] [] [][][][] [] [][][] [] [][] [] [][][] [] [][][][][][][]
[][][][] [] [][][][][][][][][][][][] []
 []

[19] [20] [21] [22] [23] [24] [25] [26]
Overfull \hbox (90.0036pt too wide) detected at line 1838
\OT1/cmr/m/n/12 ^^F[] = [] = []  \OML/cmm/m/it/12 :
 []

[27] [28] [29]
Overfull \hbox (4.16718pt too wide) in paragraph at lines 2045--2046
[]\TU/lmr/m/n/12 where $\OT1/cmr/m/n/12 D[]$ \TU/lmr/m/n/12 is a diagonal matri
x with the inverse standard deviations ($\OMS/cmsy/m/n/12 !$ \TU/lmr/m/n/12 Def
inition “   std” ) of $\OML/cmm/m/it/12 X[]; [] ; X[]$
 []

[30]
Overfull \hbox (68.42523pt too wide) in paragraph at lines 2156--2157
\TU/lmr/m/n/12 2020-02-06; URL: $[][][][][] [] [] [] [][] [] [][][][][][][][][]
 [] [][][] [] [][][][] [] [][][][][][][][][][][] [] [][][] [] [][][][][][][][][
][] [] [][][][][][][] [][] [] [] [][][][][][][][][][][][][][][] []
 []


Overfull \hbox (4.06995pt too wide) detected at line 2183
\OT1/cmr/m/n/12 C[] = [] = []  \OML/cmm/m/it/12 :
 []

[31]
Overfull \hbox (0.93323pt too wide) in paragraph at lines 2245--2246
\TU/lmr/m/n/12 2020-08-19; URL: $[][][][][] [] [] [] [][] [] [][][][][][][][][]
 [] [][][] [] [][][][] [] [][][][][][] [] [][][][][][][][][][][][] [] [][][][][
][][][][][][][][] [] [][] [] [][][] []
 []

[32] [33] [34] [35] [36]
Overfull \hbox (41.77325pt too wide) in paragraph at lines 2497--2498
\TU/lmr/m/n/12 on 2020-08-11; URL: $[][][][][] [] [] [] [][] [] [][][][][][][][
][] [] [][][] [] [][][][] [] [][][][][][][] [] [][][][][][][][][][][][] [] [][]
[][][][] [] [][][][][][][][] [] [][][][][][][][][][]$. 
 []

[37] [38] [39] [40] [41] [42]
Overfull \hbox (5.62526pt too wide) in paragraph at lines 2900--2901
\TU/lmr/m/n/12 01-13; URL: $[][][][][] [] [] [] [][] [] [][][][][][][][][] [] [
][][] [] [][][][] [] [][][][][][] [] [][][][][][][][][][][] [] [][][][][][][][]
 [] [][] [] [][][][][][][][][][][] [] [][][] []
 []

[43]
Overfull \hbox (5.62526pt too wide) in paragraph at lines 2969--2970
\TU/lmr/m/n/12 01-13; URL: $[][][][][] [] [] [] [][] [] [][][][][][][][][] [] [
][][] [] [][][][] [] [][][][][][] [] [][][][][][][][][][][] [] [][][][][][][][]
 [] [][] [] [][][][][][][][][][][] [] [][][] []
 []

[44]
Overfull \hbox (5.62526pt too wide) in paragraph at lines 3035--3036
\TU/lmr/m/n/12 01-13; URL: $[][][][][] [] [] [] [][] [] [][][][][][][][][] [] [
][][] [] [][][][] [] [][][][][][] [] [][][][][][][][][][][] [] [][][][][][][][]
 [] [][] [] [][][][][][][][][][][] [] [][][] []
 []

[45]
Overfull \hbox (5.62526pt too wide) in paragraph at lines 3149--3150
\TU/lmr/m/n/12 02-21; URL: $[][][][][] [] [] [] [][] [] [][][][][][][][][] [] [
][][] [] [][][][] [] [][][][][][] [] [][][][][][][][][][][] [] [][][][][][][][]
 [] [][] [] [][][][][][][][][][][] [] [][][] []
 []

[46]
Overfull \hbox (20.62769pt too wide) detected at line 3188
\OT1/cmr/m/n/12 I(\OML/cmm/m/it/12 X; Y\OT1/cmr/m/n/12 ) = [][] [][] \OML/cmm/m
/it/12 p\OT1/cmr/m/n/12 (\OML/cmm/m/it/12 x; y\OT1/cmr/m/n/12 ) [] \OML/cmm/m/i
t/12 p\OT1/cmr/m/n/12 (\OML/cmm/m/it/12 x; y\OT1/cmr/m/n/12 ) d\OML/cmm/m/it/12
 y \OT1/cmr/m/n/12 d\OML/cmm/m/it/12 x \OMS/cmsy/m/n/12 ^^@ [][] [] [] \OML/cmm
/m/it/12 p\OT1/cmr/m/n/12 (\OML/cmm/m/it/12 x\OT1/cmr/m/n/12 ) d\OML/cmm/m/it/1
2 x \OMS/cmsy/m/n/12 ^^@ [][] [] [] \OML/cmm/m/it/12 p\OT1/cmr/m/n/12 (\OML/cmm
/m/it/12 y\OT1/cmr/m/n/12 ) d\OML/cmm/m/it/12 y :
 []


Overfull \hbox (5.62526pt too wide) in paragraph at lines 3218--3219
\TU/lmr/m/n/12 02-21; URL: $[][][][][] [] [] [] [][] [] [][][][][][][][][] [] [
][][] [] [][][][] [] [][][][][][] [] [][][][][][][][][][][] [] [][][][][][][][]
 [] [][] [] [][][][][][][][][][][] [] [][][] []
 []

[47]
Overfull \hbox (5.62526pt too wide) in paragraph at lines 3284--3285
\TU/lmr/m/n/12 02-21; URL: $[][][][][] [] [] [] [][] [] [][][][][][][][][] [] [
][][] [] [][][][] [] [][][][][][] [] [][][][][][][][][][][] [] [][][][][][][][]
 [] [][] [] [][][][][][][][][][][] [] [][][] []
 []

[48] [49]
Overfull \hbox (28.85725pt too wide) in paragraph at lines 3374--3375
\TU/lmr/m/n/12 2020-05-31; URL: $[][][][][] [] [] [] [][] [] [][][][][][][][][]
 [] [][][] [] [][][][] [] [][][][][][][][] [] [][] [] [][] [] [][][][][][][][][
] [] [][][][][][][][][][] [] [][][][][][][][][][]$. 
 []

[50]
Overfull \hbox (14.94269pt too wide) in paragraph at lines 3463--3464
\TU/lmr/m/n/12 URL: $[][][][] [] [] [] [][][][][][][][][] [] [][] [] [][] [] []
[][][][][][][][][][][][][][][][][][] [] [][][][][][][][][][][] [] [][][][][][][
][] [] [][][][][] [] [][][][][][][][][][][][] [] [][][][] []
 []


Overfull \hbox (9.26122pt too wide) in paragraph at lines 3464--3465
\TU/lmr/m/n/12 2020-08-11; URL: $[][][][][] [] [] [] [][] [] [][][][][][][][][]
 [] [][][] [] [][][][] [] [][][][][][][][] [] [][] [] [][] [] [][][][][][][][][
] [] [][][][][][][][][][] [] [][][][][] []
 []

[51]
Overfull \hbox (28.85725pt too wide) in paragraph at lines 3519--3520
\TU/lmr/m/n/12 2020-08-11; URL: $[][][][][] [] [] [] [][] [] [][][][][][][][][]
 [] [][][] [] [][][][] [] [][][][][][][][] [] [][] [] [][] [] [][][][][][][][][
] [] [][][][][][][][][][] [] [][][][][][][][][][]$. 
 []

[52]
Overfull \hbox (28.85725pt too wide) in paragraph at lines 3577--3578
\TU/lmr/m/n/12 2020-05-31; URL: $[][][][][] [] [] [] [][] [] [][][][][][][][][]
 [] [][][] [] [][][][] [] [][][][][][][][] [] [][] [] [][] [] [][][][][][][][][
] [] [][][][][][][][][][] [] [][][][][][][][][][]$. 
 []

[53]
Overfull \hbox (28.85725pt too wide) in paragraph at lines 3641--3642
\TU/lmr/m/n/12 2020-05-27; URL: $[][][][][] [] [] [] [][] [] [][][][][][][][][]
 [] [][][] [] [][][][] [] [][][][][][][][] [] [][] [] [][] [] [][][][][][][][][
] [] [][][][][][][][][][] [] [][][][][][][][][][]$. 
 []


Overfull \hbox (206.78665pt too wide) in paragraph at lines 3642--3643
\TU/lmr/m/it/12 dated\TU/lmr/m/n/12 , retrieved on 2020-05-28; URL: $[][][][][]
 [] [] [] [][][][][] [] [][][][][][][][][][][][][] [] [][][] [] [][][][][][][][
][] [] [][][][][][] [] [][][][][][][][][][][][][][][][][][][][][][][][][][][][]
[][][][][][][][][][][][][][][][][][][][][][][][][]$. 
 []

[54]
Overfull \hbox (33.21326pt too wide) in paragraph at lines 3698--3699
\TU/lmr/m/n/12 2020-05-27; URL: $[][][][][] [] [] [] [][] [] [][][][][][][][][]
 [] [][][] [] [][][][] [] [][][][][][][][] [] [][] [] [][] [] [][][][][][][][][
] [] [][][][][][][][][][] [] [][][][][][][][][][]$. 
 []

[55]
Overfull \hbox (33.21326pt too wide) in paragraph at lines 3754--3755
\TU/lmr/m/n/12 2020-05-27; URL: $[][][][][] [] [] [] [][] [] [][][][][][][][][]
 [] [][][] [] [][][][] [] [][][][][][][][] [] [][] [] [][] [] [][][][][][][][][
] [] [][][][][][][][][][] [] [][][][][][][][][][]$. 
 []

[56] [57] [58] [59] [60] [61] [62] [63] [64] [65] [66] [67] [68

]
Chapter II.
[69] [70] [71] [72] [73]

Package amsmath Warning: Foreign command \atopwithdelims;
(amsmath)                \frac or \genfrac should be used instead
(amsmath)                 on input line 4789.

[74] [75] [76] [77] [78] [79] [80] [81] [82] [83]
Overfull \hbox (3.1704pt too wide) in paragraph at lines 5452--5453
[]\TU/lmr/bx/n/12 Proof: \TU/lmr/m/n/12 The cumulative distribution function of
 the continuous uniform distribution ($\OMS/cmsy/m/n/12 !$ \TU/lmr/m/n/12 Proof
 II[]/3.1.3[])
 []

[84] [85] [86]
Overfull \hbox (5.92528pt too wide) in paragraph at lines 5702--5703
\TU/lmr/m/n/12 05-26; URL: $[][][][][] [] [] [] [][] [] [][][][][][][][][] [] [
][][] [] [][][][] [] [][][][][][] [] [][][][][][][][][][][][] [] [][][][][][][]
[] [] [][][][][][] [] [][][][][][][][][][][][]$. 
 []

[87] [88] [89]
Overfull \hbox (24.83727pt too wide) in paragraph at lines 5863--5864
\TU/lmr/m/n/12 03-20; URL: $[][][][][] [] [] [] [][] [] [][][][][][][][][] [] [
][][] [] [][][][] [] [][][][][][] [] [][][][][][][][][][][][] [] [][][][][][][]
[][][] [] [][][][][][][][][][][][] [] [][][][][][][][]$. 
 []

[90] [91]
Overfull \hbox (24.83727pt too wide) in paragraph at lines 5966--5967
\TU/lmr/m/n/12 03-20; URL: $[][][][][] [] [] [] [][] [] [][][][][][][][][] [] [
][][] [] [][][][] [] [][][][][][] [] [][][][][][][][][][][][] [] [][][][][][][]
[][][] [] [][][][][][][][][][][][] [] [][][][][][][][]$. 
 []

[92] [93]
Overfull \hbox (8.20094pt too wide) in paragraph at lines 6102--6103
\TU/lmr/m/n/12 able?” ; in: \TU/lmr/m/it/12 StackExchange Mathematics\TU/lmr/m/
n/12 , retrieved on 2020-01-09; URL: $[][][][][] [] [] [] [][][][] [] [][][][][
][][][][][][][][] []
 []

[94] [95] [96]
Overfull \hbox (8.20094pt too wide) in paragraph at lines 6323--6324
\TU/lmr/m/n/12 able?” ; in: \TU/lmr/m/it/12 StackExchange Mathematics\TU/lmr/m/
n/12 , retrieved on 2020-01-09; URL: $[][][][][] [] [] [] [][][][] [] [][][][][
][][][][][][][][] []
 []

[97] [98] [99] [100] [101]
Overfull \hbox (35.2732pt too wide) in paragraph at lines 6553--6554
\TU/lmr/m/n/12 trieved on 2020-03-03; URL: $[][][][][] [] [] [] [][][][][][][][
][] [] [][][] [] [][][][] [] [][][][][][] [] [][][][][][][][][][] [] [][][][][]
[][][] [] [][] [] [][][][][][][][] []
 []


Overfull \hbox (1.67145pt too wide) in paragraph at lines 6586--6587
[]\TU/lmr/m/n/12 Koch, Karl-Rudolf (2007): “   Gamma Distribution” ; in: \TU/lm
r/m/it/12 Introduction to Bayesian Statistics\TU/lmr/m/n/12 , Springer,
 []


Overfull \hbox (10.32068pt too wide) in paragraph at lines 6586--6587
\TU/lmr/m/n/12 Berlin/Heidelberg, 2007, p. 47, eq. 2.172; URL: $[][][][][] [] [
] [] [][][] [] [][][][][][][][] [] [][][] [] [][] [] [][][][] [] [][][][][][][]
[][][][][][]$;
 []

[102] [103] [104] [105] [106] [107] [108] [109]
Overfull \hbox (2.17838pt too wide) in paragraph at lines 7134--7135
[]\TU/lmr/bx/n/12 Proof: \TU/lmr/m/n/12 This follows directly from the definiti
on of the exponential distribution ($\OMS/cmsy/m/n/12 !$ \TU/lmr/m/n/12 Definit
ion II[]/3.4.1[]). 
 []

[110] [111]
Overfull \hbox (16.20068pt too wide) in paragraph at lines 7330--7331
\TU/lmr/m/n/12 Berlin/Heidelberg, 2007, p. 39, eq. 2.142a; URL: $[][][][][] [] 
[] [] [][][] [] [][][][][][][][] [] [][][] [] [][] [] [][][][] [] [][][][][][][
][][][][][][]$;
 []

[112] [113] [114] [115] [116]
Overfull \hbox (77.3613pt too wide) in paragraph at lines 7655--7656
\TU/lmr/m/n/12 on 2020-05-14; URL: $[][][][][] [] [] [] [][][][] [] [][][][][][
][][][][][][][] [] [][][] [] [][][][][][][][][] [] [][][][][][][] [] [][][][][]
[][][][][][][][][][][][][][][][][][][][][][][][][][][][][][][][][][][]$. 
 []

[117]
Overfull \hbox (65.52678pt too wide) detected at line 7726
[]
 []

[118] [119]
Overfull \hbox (15.13452pt too wide) in paragraph at lines 7827--7828
\TU/lmr/m/it/12 ity and statistics\TU/lmr/m/n/12 , retrieved on 2019-08-27; URL
: $[][][][][] [] [] [] [][][] [] [][][][][][][][] [] [][][] [] [][][][][][][][]
[][][][][][][][][][][][][][][][][][] []
 []

[120] [121] [122] [123] [124]
Overfull \hbox (2.85666pt too wide) in paragraph at lines 8105--8106
\TU/lmr/m/n/12 pp. 55-56, eq. 2.212; URL: $[][][][][] [] [] [] [][][] [] [][][]
[][][][][] [] [][][] [] [][] [] [][][][] [] [][][][][][][][][][][][][]$; DOI: 1
0.1007/978-
 []


Overfull \hbox (2.85666pt too wide) in paragraph at lines 8154--8155
\TU/lmr/m/n/12 pp. 55-56, eq. 2.212; URL: $[][][][][] [] [] [] [][][] [] [][][]
[][][][][] [] [][][] [] [][] [] [][][][] [] [][][][][][][][][][][][][]$; DOI: 1
0.1007/978-
 []

[125] [126] [127]
Overfull \hbox (101.5576pt too wide) detected at line 8337
[]
 []

[128] [129] [130]
Overfull \hbox (21.18933pt too wide) detected at line 8456
[]
 []

[131]
Overfull \hbox (6.54926pt too wide) in paragraph at lines 8506--8507
\TU/lmr/m/n/12 05-10; URL: $[][][][][] [] [] [] [][] [] [][][][][][][][][] [] [
][][] [] [][][][] [] [][][][][][][][][] [] [][][][][][][][][][][][] [] [][][][]
[][][][][][][] [] [][][][][][][] [] [][][][][][][][]$. 
 []

[132] [133]
Overfull \hbox (5.08221pt too wide) detected at line 8669
[]\OT1/cmr/m/n/12 (\OML/cmm/m/it/12 X\OT1/cmr/m/n/12 ; \OML/cmm/m/it/12 M; U; V
\OT1/cmr/m/n/12 ) = [] \OMS/cmsy/m/n/12 ^^A [] []  \OML/cmm/m/it/12 :
 []


Overfull \hbox (2.6459pt too wide) detected at line 8675
[]\OT1/cmr/m/n/12 (\OML/cmm/m/it/12 X\OT1/cmr/m/n/12 ; \OML/cmm/m/it/12 M; U; V
\OT1/cmr/m/n/12 ) = [] \OMS/cmsy/m/n/12 ^^A [] []  \OML/cmm/m/it/12 :
 []

[134] [135] [136] [137] [138

]
Chapter III.
[139]
Overfull \hbox (24.77728pt too wide) in paragraph at lines 8939--8940
\TU/lmr/m/n/12 21; URL: $[][][][][] [] [] [] [][] [] [][][][][][][][][] [] [][]
[] [] [][][][] [] [][][][][][] [] [][][][][][][][][][] [] [][][][][][] [] [][][
] [] [][][][][][][][] [] [][][][][][] [] [][][][][][][][][][]$. 
 []

[140] [141] [142] [143] [144] [145] [146] [147] [148] [149] [150] [151]
[152] [153] [154] [155] [156] [157] [158] [159] [160] [161] [162] [163]
[164] [165] [166] [167] [168] [169] [170] [171] [172] [173] [174] [175]
[176] [177]
Overfull \hbox (4.52669pt too wide) in paragraph at lines 11310--11311
[][][][][][] [] [][][][] [] [][][][][][][][][] [] [][][][][][][][][][][][][] []
 [][][][][] [] [][][][][][][][][] [] [][][][][][][][][][] [] [][][][] [] [][][]
[][][][][][][] [] [][] []
 []

[178] [179] [180] [181] [182] [183] [184]
Overfull \hbox (55.31732pt too wide) in paragraph at lines 11730--11731
\TU/lmr/m/n/12 03-11; URL: $[][][][][] [] [] [] [][] [] [][][][][][][][][] [] [
][][] [] [][][][] [] [][][][][][][][][] [] [][][][][][][][][][][][] [] [][][][]
[][][][][] [] [][] [] [][][][][][][][][][][] [] [][][][][][][][][][][]$. 
 []

[185]
Overfull \hbox (55.31732pt too wide) in paragraph at lines 11807--11808
\TU/lmr/m/n/12 03-11; URL: $[][][][][] [] [] [] [][] [] [][][][][][][][][] [] [
][][] [] [][][][] [] [][][][][][][][][] [] [][][][][][][][][][][][] [] [][][][]
[][][][][] [] [][] [] [][][][][][][][][][][] [] [][][][][][][][][][][]$. 
 []

[186] [187] [188]
Chapter IV.
[189

] [190] [191] [192] [193] [194] [195] [196]
Overfull \hbox (2.82253pt too wide) in paragraph at lines 12441--12442
[]\TU/lmr/m/n/12 and parameter estimates ($\OMS/cmsy/m/n/12 !$ \TU/lmr/m/n/12 D
efinition “  est” ) obtained with ordinary least squares ($\OMS/cmsy/m/n/12 !$ 
\TU/lmr/m/n/12 Proof III[]/1.1.2[]) 
 []

[197] [198] [199] [200]
Overfull \hbox (87.91544pt too wide) in paragraph at lines 12656--12657
\TU/lmr/m/it/12 Averaging\TU/lmr/m/n/12 , ch. 3.2, pp. 78-81; URL: $[][][][][] 
[] [] [] [][][] [] [][][][][][][][][] [] [][][] [] [][][][] [] [][][][][] [] []
[][][][][][][][][][][][][][][][][][][][][][][][][][][][][][][][][][][][][][] []

 []

[201] [202] [203]
Overfull \hbox (2.53778pt too wide) in paragraph at lines 12869--12870
\TU/lmr/m/n/12 Bayesian model selection” ; in: \TU/lmr/m/it/12 NeuroImage\TU/lm
r/m/n/12 , vol. 141, pp. 469–489; URL: $[][][][][] [] [] [] [][][] [] [][][][][
][][][][][][][][] []
 []

[204] [205] [206] [207]
Overfull \hbox (0.96648pt too wide) in paragraph at lines 13178--13179
[]\TU/lmr/m/n/12 Resolving the logarithm and applying the definition of the log
 model evidence ($\OMS/cmsy/m/n/12 !$ \TU/lmr/m/n/12 Definition IV[]/3.1.1[]),
 []

[208]
Overfull \hbox (18.94809pt too wide) in paragraph at lines 13206--13207
\TU/lmr/m/n/12 Definition I[]/5.1.9[]) $\OML/cmm/m/it/12 p\OT1/cmr/m/n/12 (\OML
/cmm/m/it/12 y\OMS/cmsy/m/n/12 j\OML/cmm/m/it/12 m[]\OT1/cmr/m/n/12 )\OML/cmm/m
/it/12 ; [] ; p\OT1/cmr/m/n/12 (\OML/cmm/m/it/12 y\OMS/cmsy/m/n/12 j\OML/cmm/m/
it/12 m[]\OT1/cmr/m/n/12 )$ \TU/lmr/m/n/12 and prior probabilities ($\OMS/cmsy/
m/n/12 !$ \TU/lmr/m/n/12 Definition I[]/5.1.3[]) $\OML/cmm/m/it/12 p\OT1/cmr/m/
n/12 (\OML/cmm/m/it/12 m[]\OT1/cmr/m/n/12 )\OML/cmm/m/it/12 ; [] ; p\OT1/cmr/m/
n/12 (\OML/cmm/m/it/12 m[]\OT1/cmr/m/n/12 )$\TU/lmr/m/n/12 .
 []

[209] [210] [211] [212] [213] [214] (./StatProofBook.aux)

LaTeX Warning: There were multiply-defined labels.

 ) 
Here is how much of TeX's memory you used:
 4269 strings out of 492472
 66046 string characters out of 6132674
 144271 words of memory out of 5000000
 8744 multiletter control sequences out of 15000+600000
 10988 words of font info for 56 fonts, out of 8000000 for 9000
 1348 hyphenation exceptions out of 8191
 30i,23n,31p,1013b,295s stack positions out of 5000i,500n,10000p,200000b,80000s

Output written on StatProofBook.pdf (223 pages).
